# JRE version: Java(TM) SE Runtime Environment (17.0.8+9) (build 17.0.8+9-LTS-211)
# Java VM: Java HotSpot(TM) 64-Bit Server VM (17.0.8+9-LTS-211, mixed mode, sharing, tiered, compressed oops, compressed class ptrs, g1 gc, windows-amd64)
GC Precious Log:
 CPUs: 4 total, 4 available
 Memory: 16299M
 Large Page Support: Disabled
 NUMA Support: Disabled
 Compressed Oops: Enabled (Zero based)
 Heap Region Size: 2M
 Heap Min Capacity: 8M
 Heap Initial Capacity: 256M
 Heap Max Capacity: 4076M
 Pre-touch: Disabled
 Parallel Workers: 4
 Concurrent Workers: 1
 Concurrent Refinement Workers: 4
 Periodic GC: Disabled
Heap:
 garbage-first heap   total 559104K, used 415530K [0x0000000701400000, 0x0000000800000000)
  region size 2048K, 4 young (8192K), 4 survivors (8192K)
 Metaspace       used 79594K, committed 80448K, reserved 1179648K
  class space    used 10552K, committed 10944K, reserved 1048576K
GC Heap History (20 events):
Event: 10.138 GC heap after
{Heap after GC invocations=24 (full 0):
 garbage-first heap   total 299008K, used 125901K [0x0000000701400000, 0x0000000800000000)
  region size 2048K, 6 young (12288K), 6 survivors (12288K)
 Metaspace       used 57250K, committed 58048K, reserved 1114112K
  class space    used 8575K, committed 8960K, reserved 1048576K
}
Event: 10.922 GC heap before
{Heap before GC invocations=24 (full 0):
 garbage-first heap   total 299008K, used 222157K [0x0000000701400000, 0x0000000800000000)
  region size 2048K, 54 young (110592K), 6 survivors (12288K)
 Metaspace       used 63705K, committed 64448K, reserved 1114112K
  class space    used 9294K, committed 9664K, reserved 1048576K
}
Event: 10.936 GC heap after
{Heap after GC invocations=25 (full 0):
 garbage-first heap   total 299008K, used 132110K [0x0000000701400000, 0x0000000800000000)
  region size 2048K, 7 young (14336K), 7 survivors (14336K)
 Metaspace       used 63705K, committed 64448K, reserved 1114112K
  class space    used 9294K, committed 9664K, reserved 1048576K
}
Event: 14.718 GC heap before
{Heap before GC invocations=26 (full 0):
 garbage-first heap   total 299008K, used 242702K [0x0000000701400000, 0x0000000800000000)
  region size 2048K, 62 young (126976K), 7 survivors (14336K)
 Metaspace       used 78999K, committed 79808K, reserved 1179648K
  class space    used 10475K, committed 10880K, reserved 1048576K
}
Event: 14.730 GC heap after
{Heap after GC invocations=27 (full 0):
 garbage-first heap   total 299008K, used 137439K [0x0000000701400000, 0x0000000800000000)
  region size 2048K, 6 young (12288K), 6 survivors (12288K)
 Metaspace       used 78999K, committed 79808K, reserved 1179648K
  class space    used 10475K, committed 10880K, reserved 1048576K
}
Event: 14.777 GC heap before
{Heap before GC invocations=27 (full 0):
 garbage-first heap   total 299008K, used 139487K [0x0000000701400000, 0x0000000800000000)
  region size 2048K, 7 young (14336K), 6 survivors (12288K)
 Metaspace       used 79316K, committed 80128K, reserved 1179648K
  class space    used 10517K, committed 10880K, reserved 1048576K
}
Event: 14.784 GC heap after
{Heap after GC invocations=28 (full 0):
 garbage-first heap   total 299008K, used 136780K [0x0000000701400000, 0x0000000800000000)
  region size 2048K, 1 young (2048K), 1 survivors (2048K)
 Metaspace       used 79316K, committed 80128K, reserved 1179648K
  class space    used 10517K, committed 10880K, reserved 1048576K
}
Event: 15.023 GC heap before
{Heap before GC invocations=28 (full 0):
 garbage-first heap   total 299008K, used 247372K [0x0000000701400000, 0x0000000800000000)
  region size 2048K, 55 young (112640K), 1 survivors (2048K)
 Metaspace       used 79553K, committed 80384K, reserved 1179648K
  class space    used 10554K, committed 10944K, reserved 1048576K
}
Event: 15.063 GC heap after
{Heap after GC invocations=29 (full 0):
 garbage-first heap   total 301056K, used 188202K [0x0000000701400000, 0x0000000800000000)
  region size 2048K, 7 young (14336K), 7 survivors (14336K)
 Metaspace       used 79553K, committed 80384K, reserved 1179648K
  class space    used 10554K, committed 10944K, reserved 1048576K
}
Event: 15.129 GC heap before
{Heap before GC invocations=29 (full 0):
 garbage-first heap   total 301056K, used 237354K [0x0000000701400000, 0x0000000800000000)
  region size 2048K, 31 young (63488K), 7 survivors (14336K)
 Metaspace       used 79553K, committed 80384K, reserved 1179648K
  class space    used 10554K, committed 10944K, reserved 1048576K
}
Event: 15.157 GC heap after
{Heap after GC invocations=30 (full 0):
 garbage-first heap   total 559104K, used 211754K [0x0000000701400000, 0x0000000800000000)
  region size 2048K, 4 young (8192K), 4 survivors (8192K)
 Metaspace       used 79553K, committed 80384K, reserved 1179648K
  class space    used 10554K, committed 10944K, reserved 1048576K
}
Event: 15.484 GC heap before
{Heap before GC invocations=31 (full 0):
 garbage-first heap   total 559104K, used 379690K [0x0000000701400000, 0x0000000800000000)
  region size 2048K, 86 young (176128K), 4 survivors (8192K)
 Metaspace       used 79580K, committed 80448K, reserved 1179648K
  class space    used 10552K, committed 10944K, reserved 1048576K
}
Event: 15.543 GC heap after
{Heap after GC invocations=32 (full 0):
 garbage-first heap   total 559104K, used 303914K [0x0000000701400000, 0x0000000800000000)
  region size 2048K, 11 young (22528K), 11 survivors (22528K)
 Metaspace       used 79580K, committed 80448K, reserved 1179648K
  class space    used 10552K, committed 10944K, reserved 1048576K
}
Event: 15.555 GC heap before
{Heap before GC invocations=32 (full 0):
 garbage-first heap   total 559104K, used 308010K [0x0000000701400000, 0x0000000800000000)
  region size 2048K, 13 young (26624K), 11 survivors (22528K)
 Metaspace       used 79580K, committed 80448K, reserved 1179648K
  class space    used 10552K, committed 10944K, reserved 1048576K
}
Event: 15.574 GC heap after
{Heap after GC invocations=33 (full 0):
 garbage-first heap   total 559104K, used 308010K [0x0000000701400000, 0x0000000800000000)
  region size 2048K, 2 young (4096K), 2 survivors (4096K)
 Metaspace       used 79580K, committed 80448K, reserved 1179648K
  class space    used 10552K, committed 10944K, reserved 1048576K
}
Event: 15.624 GC heap before
{Heap before GC invocations=33 (full 0):
 garbage-first heap   total 559104K, used 404266K [0x0000000701400000, 0x0000000800000000)
  region size 2048K, 49 young (100352K), 2 survivors (4096K)
 Metaspace       used 79594K, committed 80448K, reserved 1179648K
  class space    used 10552K, committed 10944K, reserved 1048576K
}
Event: 15.661 GC heap after
{Heap after GC invocations=34 (full 0):
 garbage-first heap   total 559104K, used 356138K [0x0000000701400000, 0x0000000800000000)
  region size 2048K, 7 young (14336K), 7 survivors (14336K)
 Metaspace       used 79594K, committed 80448K, reserved 1179648K
  class space    used 10552K, committed 10944K, reserved 1048576K
}
Event: 15.706 GC heap before
{Heap before GC invocations=34 (full 0):
 garbage-first heap   total 559104K, used 423722K [0x0000000701400000, 0x0000000800000000)
  region size 2048K, 40 young (81920K), 7 survivors (14336K)
 Metaspace       used 79594K, committed 80448K, reserved 1179648K
  class space    used 10552K, committed 10944K, reserved 1048576K
}
Event: 15.742 GC heap after
{Heap after GC invocations=35 (full 0):
 garbage-first heap   total 559104K, used 388906K [0x0000000701400000, 0x0000000800000000)
  region size 2048K, 5 young (10240K), 5 survivors (10240K)
 Metaspace       used 79594K, committed 80448K, reserved 1179648K
  class space    used 10552K, committed 10944K, reserved 1048576K
}
Event: 15.772 GC heap before
{Heap before GC invocations=35 (full 0):
 garbage-first heap   total 559104K, used 440106K [0x0000000701400000, 0x0000000800000000)
  region size 2048K, 30 young (61440K), 5 survivors (10240K)
 Metaspace       used 79594K, committed 80448K, reserved 1179648K
  class space    used 10552K, committed 10944K, reserved 1048576K
}

